2016/11/01 14:09:16 [error] 2974#0: *91 FastCGI sent in stderr: "PHP message: An Error occurred while handling another error:
yii\base\InvalidParamException: The HTTP status code is invalid: 631 in /vagrant/workspace/yunpicm/vendor/yiisoft/yii2/web/Response.php:281
Stack trace:
#0 /vagrant/workspace/yunpicm/vendor/yiisoft/yii2/web/ErrorHandler.php(121): yii\web\Response->setStatusCode(631)
#1 /vagrant/workspace/yunpicm/vendor/yiisoft/yii2/base/ErrorHandler.php(109): yii\web\ErrorHandler->renderException(Object(yii\web\HttpException))
#2 [internal function]: yii\base\ErrorHandler->handleException(Object(yii\web\HttpException))
#3 {main}
Previous exception:
yii\web\HttpException: no such bucket in /vagrant/workspace/yunpicm/vendor/crazyfd/yii2-qiniu/Qiniu.php:77
Stack trace:
#0 /vagrant/workspace/yunpicm/common/components/PictureTool.php(84): crazyfd\qiniu\Qiniu->uploadFile('/vagrant/worksp...', '/test/test.jgb')
#1 /vagrant/workspace/yunpicm/frontend/controllers/PhotographerController.php(118): common\components\PictureTool->saveUploadFileQiNiufile('/vagrant/worksp...'," while reading upstream, client: 10.0.2.2, server: yunpicmfront.dev, request: "GET /index.php?r=photographer/test HTTP/1.1", upstream: "fastcgi://127.0.0.1:9000", host: "yunpicmfront.dev"
2016/11/01 14:10:00 [error] 2974#0: *91 FastCGI sent in stderr: "PHP message: An Error occurred while handling another error:
yii\base\InvalidParamException: The HTTP status code is invalid: 631 in /vagrant/workspace/yunpicm/vendor/yiisoft/yii2/web/Response.php:281
Stack trace:
#0 /vagrant/workspace/yunpicm/vendor/yiisoft/yii2/web/ErrorHandler.php(121): yii\web\Response->setStatusCode(631)
#1 /vagrant/workspace/yunpicm/vendor/yiisoft/yii2/base/ErrorHandler.php(109): yii\web\ErrorHandler->renderException(Object(yii\web\HttpException))
#2 [internal function]: yii\base\ErrorHandler->handleException(Object(yii\web\HttpException))
#3 {main}
Previous exception:
yii\web\HttpException: no such bucket in /vagrant/workspace/yunpicm/vendor/crazyfd/yii2-qiniu/Qiniu.php:77
Stack trace:
#0 /vagrant/workspace/yunpicm/common/components/PictureTool.php(84): crazyfd\qiniu\Qiniu->uploadFile('/vagrant/worksp...', '824915766b55b9f...')
#1 /vagrant/workspace/yunpicm/frontend/controllers/PhotographerController.php(118): common\components\PictureTool->saveUploadFileQiNiufile('/vagrant/worksp" while reading upstream, client: 10.0.2.2, server: yunpicmfront.dev, request: "GET /index.php?r=photographer/test HTTP/1.1", upstream: "fastcgi://127.0.0.1:9000", host: "yunpicmfront.dev"
2016/11/01 14:23:35 [error] 2974#0: *115 FastCGI sent in stderr: "PHP message: An Error occurred while handling another error:
yii\base\InvalidParamException: The HTTP status code is invalid: 631 in /vagrant/workspace/yunpicm/vendor/yiisoft/yii2/web/Response.php:281
Stack trace:
#0 /vagrant/workspace/yunpicm/vendor/yiisoft/yii2/web/ErrorHandler.php(121): yii\web\Response->setStatusCode(631)
#1 /vagrant/workspace/yunpicm/vendor/yiisoft/yii2/base/ErrorHandler.php(109): yii\web\ErrorHandler->renderException(Object(yii\web\HttpException))
#2 [internal function]: yii\base\ErrorHandler->handleException(Object(yii\web\HttpException))
#3 {main}
Previous exception:
yii\web\HttpException: no such bucket in /vagrant/workspace/yunpicm/vendor/crazyfd/yii2-qiniu/Qiniu.php:77
Stack trace:
#0 /vagrant/workspace/yunpicm/common/components/PictureTool.php(84): crazyfd\qiniu\Qiniu->uploadFile('/vagrant/worksp...', '824915766b55b9f...')
#1 /vagrant/workspace/yunpicm/frontend/controllers/PhotographerController.php(124): common\components\PictureTool->saveUploadFileQiNiufile('/vagrant/worksp" while reading upstream, client: 10.0.2.2, server: yunpicmfront.dev, request: "GET /index.php?r=photographer/test HTTP/1.1", upstream: "fastcgi://127.0.0.1:9000", host: "yunpicmfront.dev"
2016/11/01 14:32:01 [error] 2974#0: *117 FastCGI sent in stderr: "PHP message: An Error occurred while handling another error:
yii\base\InvalidParamException: The HTTP status code is invalid: 631 in /vagrant/workspace/yunpicm/vendor/yiisoft/yii2/web/Response.php:281
Stack trace:
#0 /vagrant/workspace/yunpicm/vendor/yiisoft/yii2/web/ErrorHandler.php(121): yii\web\Response->setStatusCode(631)
#1 /vagrant/workspace/yunpicm/vendor/yiisoft/yii2/base/ErrorHandler.php(109): yii\web\ErrorHandler->renderException(Object(yii\web\HttpException))
#2 [internal function]: yii\base\ErrorHandler->handleException(Object(yii\web\HttpException))
#3 {main}
Previous exception:
yii\web\HttpException: no such bucket in /vagrant/workspace/yunpicm/vendor/crazyfd/yii2-qiniu/Qiniu.php:77
Stack trace:
#0 /vagrant/workspace/yunpicm/common/components/PictureTool.php(84): crazyfd\qiniu\Qiniu->uploadFile('/vagrant/worksp...', '824915766b55b9f...')
#1 /vagrant/workspace/yunpicm/frontend/controllers/PhotographerController.php(124): common\components\PictureTool->saveUploadFileQiNiufile('/vagrant/worksp" while reading upstream, client: 10.0.2.2, server: yunpicmfront.dev, request: "GET /index.php?r=photographer/test HTTP/1.1", upstream: "fastcgi://127.0.0.1:9000", host: "yunpicmfront.dev"
